0 info it worked if it ends with ok
1 verbose cli [ '/usr/local/bin/node', '/usr/local/bin/npm', 'run', 'watch' ]
2 info using npm@4.1.2
3 info using node@v6.7.0
4 verbose run-script [ 'prewatch', 'watch', 'postwatch' ]
5 info lifecycle complete-intro-to-react@1.0.0~prewatch: complete-intro-to-react@1.0.0
6 silly lifecycle complete-intro-to-react@1.0.0~prewatch: no script for prewatch, continuing
7 info lifecycle complete-intro-to-react@1.0.0~watch: complete-intro-to-react@1.0.0
8 verbose lifecycle complete-intro-to-react@1.0.0~watch: unsafe-perm in lifecycle true
9 verbose lifecycle complete-intro-to-react@1.0.0~watch: PATH: /usr/local/lib/node_modules/npm/bin/node-gyp-bin:/Users/wyattsweet/dev/courses_workshops_etc/fem_complete_intro_to_reactV2/complete-intro-to-react/node_modules/.bin:/Users/wyattsweet/.rvm/gems/ruby-2.2.1/bin:/Users/wyattsweet/.rvm/gems/ruby-2.2.1@global/bin:/Users/wyattsweet/.rvm/rubies/ruby-2.2.1/bin:/usr/local/bin:/usr/local/bin:/usr/bin:/bin:/usr/sbin:/sbin:/Users/wyattsweet/.composer/vendor/bin:/Applications/Postgres.app/Contents/Versions/9.4/bin:/Users/wyattsweet/.rvm/gems/ruby-2.2.1/bin:/Users/wyattsweet/.rvm/gems/ruby-2.2.1@global/bin:/Users/wyattsweet/.rvm/rubies/ruby-2.2.1/bin:/usr/local/heroku/bin:/usr/local/bin:/usr/bin:/bin:/usr/sbin:/sbin:/Users/wyattsweet/bin:/Users/wyattsweet/.rvm/bin:/Applications/Postgres.app/Contents/Versions/9.4/bin
10 verbose lifecycle complete-intro-to-react@1.0.0~watch: CWD: /Users/wyattsweet/dev/courses_workshops_etc/fem_complete_intro_to_reactV2/complete-intro-to-react
11 silly lifecycle complete-intro-to-react@1.0.0~watch: Args: [ '-c', 'npm run build -- --watch' ]
12 silly lifecycle complete-intro-to-react@1.0.0~watch: Returned: code: 1  signal: null
13 info lifecycle complete-intro-to-react@1.0.0~watch: Failed to exec watch script
14 verbose stack Error: complete-intro-to-react@1.0.0 watch: `npm run build -- --watch`
14 verbose stack Exit status 1
14 verbose stack     at EventEmitter.<anonymous> (/usr/local/lib/node_modules/npm/lib/utils/lifecycle.js:279:16)
14 verbose stack     at emitTwo (events.js:106:13)
14 verbose stack     at EventEmitter.emit (events.js:191:7)
14 verbose stack     at ChildProcess.<anonymous> (/usr/local/lib/node_modules/npm/lib/utils/spawn.js:40:14)
14 verbose stack     at emitTwo (events.js:106:13)
14 verbose stack     at ChildProcess.emit (events.js:191:7)
14 verbose stack     at maybeClose (internal/child_process.js:877:16)
14 verbose stack     at Process.ChildProcess._handle.onexit (internal/child_process.js:226:5)
15 verbose pkgid complete-intro-to-react@1.0.0
16 verbose cwd /Users/wyattsweet/dev/courses_workshops_etc/fem_complete_intro_to_reactV2/complete-intro-to-react
17 error Darwin 14.5.0
18 error argv "/usr/local/bin/node" "/usr/local/bin/npm" "run" "watch"
19 error node v6.7.0
20 error npm  v4.1.2
21 error code ELIFECYCLE
22 error complete-intro-to-react@1.0.0 watch: `npm run build -- --watch`
22 error Exit status 1
23 error Failed at the complete-intro-to-react@1.0.0 watch script 'npm run build -- --watch'.
23 error Make sure you have the latest version of node.js and npm installed.
23 error If you do, this is most likely a problem with the complete-intro-to-react package,
23 error not with npm itself.
23 error Tell the author that this fails on your system:
23 error     npm run build -- --watch
23 error You can get information on how to open an issue for this project with:
23 error     npm bugs complete-intro-to-react
23 error Or if that isn't available, you can get their info via:
23 error     npm owner ls complete-intro-to-react
23 error There is likely additional logging output above.
24 verbose exit [ 1, true ]
